Characters: 22
 Strings:5
 Average:4.4
 Variance: 21.6
 Standard Deviation: 4.64758

Number of 'A': 11
 Number of 'C':6
 Number of 'T':5
 Number of 'G':0

Number of "AA":1
 Number of "AC":0
 Number of "AT":1
 Number of "AG":0

Number of "CA":5
 Number of "CC":0
 Number of "CT":0
 Number of "CG":0

Number of "GA":0
 Number of "GC":0
 Number of "GT":0
 Number of "GG":0

Number of "TA":3
 Number of "TC":1
 Number of "TT":0
 Number of "TG":0

Probablity of 'A':50%
 Probablity of 'C':27.2727%
 Probablity of 'T':22.7273%
 Probablity of 'G':0%

Probablilty of "AA":9.09091%
 Probablilty of "AC":0%
 Probablilty of "AT":9.09091%
 Probablilty of "AG":0%

Probablilty of "CA":45.4545%
 Probablilty of "CC":0%
 Probablilty of "CT":0%
 Probablilty of "CG":0%

Probablilty of "TA":27.2727%
 Probablilty of "TC":9.09091%
 Probablilty of "TT":0%
 Probablilty of "TG":0%

Probablilty of "GA":0%
 Probablilty of "GC":0%
 Probablilty of "GT":0%
 Probablilty of "GG":0%


TTTAACACACACTTCCACAA
AAAATACTCACCATACCCATAATT
CAACTAAAAAATTTACACCCCAATTCAC
CAATTAATACTCCTATATCT
TTATCACATAAAAACAATAAAC
CACAAACAACATACATACAATC
CCAACAAAATCCAATATATATAAT
AATTACCACACCATCTCCACTTT
CTTCAATTACACACAAAACACCT
CAACTAATAAACTACAA
ACAACCCAACCCACATCCAC
TCAAACCCATAAATATAAATT
ACATTTTATCATTTACAATAA
AACCACATCAAAAAAATTCT
AACCAAAACAAAAATCACCA
CCACATAAACCTATAAATTAATCAAT
ATAAAACTAAAATCAACCCCAA
ACCCCATAATAAATAATATC
TCTAAACACTCAAAAAACACA
ACACCTCTCACACTCCCA
TCAAACACCCAAAACTAACTC
AACTCTAACTCCTATCTACTTTCCT
TCCCTTACAATTTCACCCCAC
CTCAACATACAAAAAACCT
ATAACCAACTCAATTTTCA
ATATTAATCTACTAACCCAAAC
CTAAACCCCACCAAAATCCTTA
TCTAATATCAATATCCTA
ACAAATAAAACTACAAAAAATCAA
CATACACCATCAACTCCTACATA
AAAACATTATAACACATTCCCAACC
AACAACCAACAACACATTCACCTAAACTCC
CAAAAAAACTCAAAATAAACCAT
ACTACCCTATTAAATACAATCA
ACAACACAAAACATCACCATCA
AAAAAAACAAATTC
AACATAACCCCATCTATAAATA
TTCCCCCCCACCAAATTCACAATA
AACTACTTAACCTACCTTTAC
TAATAAAAACAATCATCAAAAC
ATCAAAAACAACAAATAAAATATCCAA
ATATCCATTCAATACAACACCA
AACAACAACAAAATTTCAAAATCTA
ACTATATAAACCTTAA
TAAAATCAAAACTCATCATAAATTATTA
ATTCAAACACACATACCTCCAAT
AATAACAACTATACATCTACATAAA
ATTATAAAATCACCACCACC
TACCATAAACAAAAAAATA
CCCAACTTAACAAATTCAAAAAACTCT
TTACACCTCCATACATCTAT
ACATACTAATTCAAAAACCA
TCCACAATTAATATATTCCTAAAA
ACACCAAACAACTATAAAACA
CTACACTACATAAACACTTACAATAC
CAAAAAAATTCAACTACCCAACTACAAAC
AAACAACCACACACCAAAATACCCATCAC
ACACATACAATTACAAAAC
ACACCTAACAAATAACATTCCC
TTAACAATTCACCCTAAAATCCC
CCAAAAAAAACCCAAATACAA
AAATCATACAACCCCCAAAC
ATAACCACTTCATAATCTA
TCAACCCAATCAATT
ACAAATCACAATATCTAACCCA
TATTACACAATATA
CAAAAAAAACATTACCAACA
AACTTCACAATCATTAAAAAA
CCATATTCTAATAAATAACTCA
CATCATTTAATCATAAATTATAA
TAAATATTACATAAACTAT
TCATAAAAATACAAAAAAC
CACAAAATACTTTTTAAACA
AACCCAACCTTATTTATTCCCCC
TCCTTTAACTACACAAACAACAAAT
CACCAAAAAAACTACAAATACCA
CTCCCCAAATCTACAATCAAACA
CAAATATCCACACTTAAC
TTTCTAAAACTACTAAAAACCCAAA
TCATCTCATCAAATAACAATA
AATAAAACATCTCCCTAAACAAAC
ATACAACTCTATCACAAATCAA
AATAATAATCCTAAT
TCCAATAATTCATAAAAACACC
AAATTAATCTATCAACATCAATCA
CCCCTACATCAAACTCCCTCAACTACCC
CCAAAACTACCACAAACCTAA
TTACCATATACACCTCTA
AAACTTCAACCACATAACAA
ACTAATTTATAAATATACCCCACCACAC
TATCAACAACAAACACCAAACTA
CACATCAACTATATATTA
CCACTAACCCAACCCCA
TAATCTACTATAACCCAAA
TATCTAAAATACTAACATCCT
ATACTCTCCACAAAAC
TCATTTTTCCCCATAACAA
CTACAAACCCAACAACATATATT
AACCCCACTTCAAATCTA
AACAAAAAACCTTAAATCTTAC
AAATACAACCAAACCC
AACTCCACACACAACAACTAT
ACATATAAACAAACCTAAACCC
TTTACACTATTATACATCCAAAAATATA
ATTAACCTCCTATCCCACACTCAAATAAA
TATACCCCAAACAAATATATTCAT
ATATTAATAAATTCAAACCACTA
AATAACCAACTAATAAAAATCA
TACCCAATTAATATAACAATTC
CATACTCAAAATCCTATTAATAACA
AAACTCCAAACCCTTACAA
AAAATCCAAATACATA
AACATCTAAAAACCCACCTAATC
AATAATTAAAATTAAACAAATAA
AATTATAACAACACAATAAAACTATA
ACACTACATTACATACAATAAAACAAT
ATTCACAAAAAATCCCTAAAA
ATAAATATTATCACTAAA
AAATAAAAAATTAAACAC
TCCAAACATATAATAAAACCCCATC
CAACACAAACCAACAATACA
TTAAAATTCAATAACAAC
AAACCTCAAACTTTAATAACC
CCATAACAACATAACAACTA
TTCAAACAAATCAATTAACCAT
AAAATATTACTATCCATCCACC
CCCTCCCCAACAAATATCCTAAAATT
ACAAATTAAACCAACCCA
ACAATCATATACCCC
CAATCCATAACCAAC
TCAACCATACAATACTACCCAC
AAACTTACCCTAAAACTCCCCACC
ATTTTAAATTTACCTCTACTCA
AACCCATTACTTTTTTTTTCA
ATCACACTATACCCAACAACAACT
TCACTAAACACATCAAA
CACTCAATTTACTTCCCAAACA
TAATAACACAAACAAAAATTTCCAC
ACAAAACACTATAATATT
ACAAATCTAAACCAAACC
ATACAAAATCCAAAAATCA
CAAAACTCAAATATAATAAC
CAAAAAAACACAACC
CACCTCCACACAAACA
ACATAAACCAATCTAACATAAAA
CAATTAACAAACCTCT
AATTCTTTAAACTAT
TAACACTAACCTCAACTAATAAAATTAT
ATCAATTAAATTACTAATCC
ATATTCTCATCCATCAACCAACCA
ATTTCTTATCTTAATATAAACAAAACTA
AACAAAATCACATACTAAAACCCTTT
AACACAATCACACACACAATC
AACAACCCCAAACCACATAACTTTA
ACCATCATCCCAACTAAATTA
CAACACTCTAAAATAACACAA
TCACCCCTAATAAATAAAACCATCA
AATAAAATTTCTACCAAAAAA
TAATTATAAAAAAAAAAAAA
TATAAAATTATTACTATAATAC
ATAAACAATAAAACTAACAAAA
ACACATACCATTATAATA
TTATCAAAACCCATACTCACATCACCA
ACCATAAACATATCATTTCATA
TTAAATACCTACAATTTCATAA
AAAATTTCTAAAAATTAACCAACA
AAACACACTACCTAAACCA
CCAAAACAAAACCACAAA
TCAATATCCAAATAAACAAAC
ACCCTTCACACTATTTAAACAA
TCCAAATCCAACATATACTTACC
TCAATAAATACTAACACACCACA
TAACAAATAACCAT
CCCTAAACTAAAAATTCAAT
CAAAACACATATCAAAAAA
AAAATACTAAATACTTA
TCACAATAAAACATACTAACTAACC
ATTATCAACCACTCAAATC
TTACAAACATATTCCCAAATCT
AAAACTTCCAATCCCCCCCCAA
CAAAAAAAACATCAAA
ACACAAATCCATATACA
CCTATCTTTAACACTAATAAC
AAACAAATTCCAAAAAACA
ATTATAAAACTTTAAAATAACC
TTAAAAACAATACACATAATTAAA
ATTATTAAAATCAATAACA
AACAACACTCACCACAAACTA
AAACCCCATTAAATCTCAAATAAACAT
ACCACAAATAATCAAATAA
CACCAAAAAAACATAATAAA
TTAATAAACTAACCTCTAAACAA
AACATTATACCCATAAATTCT
TCACCACAAATTTTATAACC
AAAAAATCCTATCTAATCA
ACTTCAAAATCCATTATATC
AATAACAAACTAACATACCTAT
AACTAACACCCTAAACCATAT
TATCACACCTACTCAAAATAATCAC
TCATAATATCCCAAATACAAAAAA
ATTTTTAATTCCAAACAAAAA
CCTTAACACCAACACTTCACCTTAT
ACATAATAAATCTATATTACTCA
AAATCCAAATAATAAAATAATCAC
CAAAAAACAAAAAAACCATAATAA
ATACAATAAACCTTCAATAAATA
TAAACTAAATAACCATAACACTACACA
AAAAAAATCCACACATTAAATAT
ATACTCTACAATAACTAATC
CATCAACTTACACCTACACCA
TCTTCCAAACAATACCACACA
CACATTACTTACATCTAAAAA
CCAAACTCAAAAAAACAATCCT
ACAATCTCAACCTAAACCAC
ATTAACATTACAAATAAACCACA
CTAACAAAACTCCCCCACTCCACT
ACCAAAACCATTATAACATA
TCTATCACTAACTCTAAAATACT
CTTCAACATTTCAACCCACATTAA
CTAATTATCTTATTACAAAT
ATTTCAACATCCAACCAACA
AATATAAATATCACCCAAC
AAATACAATCCACTATAACTAAA
TAAATAAACAAACTAAACAAATTA
CCTACCATAAACACTCTCCA
TAATAAACTTATAACCACTAAA
TCTCTTCCTAATACCACTAAT
TCCTTTCATAAAATACTAATCT
CAACAAAACATAACCAATCACCTCC
AATATAACAATATAAA
AATTTTCATAAATCACCACACTC
ACATTTAATAATTCCACTTAACAAA
ACAAAAAATAAAAAATACCAAAAC
CCTTCACTATTAATTATTTACA
AACCTAACTACACAACAAAA
TTTTTCTCTACCACTCATTCAATCAATAC
CTAACCAACCAACCAATAAAAC
TACAACACAATAAACCTTTCAATAAA
TTACAACCCAAACAACATAA
AAAAAAAACAATCCTAACAACTCA
TTACTCTACAATATAACCTCAAACA
TAATATATTTCTCTAC
CCTACCACTTAACTACTACAACATC
TAAAATTAAATAATAAAACAATC
AAATAATCATTACACATCACTT
AAAATACATCAACATTACTCCATCAACA
AATATCAATAAAATAAT
TAAATAAACAAACTACCTATC
TTTATCCCCCATAAACATACATTAA
AATCACACCAAATCCCAATT
TTACCAAACCCAATACCTTCACA
ATAAAAATACCCTTACCCCCTA
ACTCTCTAAAAAAAAA
AAAACCTAACCAACAAATCAATACAC
AAAAAAACTATAAACATTAATAC
ACCTAAACCACCCACAATAAAC
ACAAAAAACTAAAACTCACAA
ATCCAAACATCAACCC
AACATAATTAAATCACAAC
TATACCTAAAAATTAATAAAAAA
TATCTAAAATTTCA
CATAAAACATATAAATAACAAAC
AAAAAAAAACCATACTACAATA
CACCTAAAATCCACTAACCATA
TACCACTCTCATCCAAACCCA
CAAAACAACAAACCAACCCCAAC
AAATCACCACTATACAATT
ACTTAAATCCACTAATCTAACA
TATTATAACTAATAACTAACAA
TTACAAAACAACAATATAATAAAAC
TCATCAAAACCAATATAATAA
AACCAAATATAACAACATAC
TTAACTCAAACACCAACCTCTACA
AACACAAATCTAAAACAAACATAAAAC
TACACTTATATCAACA
CACAAATCTAATCAAAATAAA
TCAAACACACATTCCCAC
AACCAACCATAACATTAACA
ACCTAACACTAAACCAAATAACCA
AAAAAATCAATCAAACCTAA
ATTTAAATACAATAACAATT
AATTAAAATATCAAAAAAAAA
CACTACTCTACTATAACCAA
AATAAACTTAACACAAAAAT
CTTAAAAATCACACCTCCAA
TAAAACTAAAAACCAA
TATAACTCAATACCAACCTCT
TACCTTAACCTCCCCATTAAATCACAAA
AACTCACTAACAAATCCCCTTT
AACAATCCTAACCACACAAC
AAATATCAATAAACTAATA
TCATAAATTTAATAATTAA
AACAACACATAATAAATATCAA
ACATTACAAACCTAAATCA
CTTTTCATATATAATAAATATAAT
CAAAACAACATTAACCACAT
ATCTATCACAACTTAAATAACCCA
AACAACATAATACACATC
CATACCCATTTTAATCTACACCCATA
TAACCTTACCAACAACAAAAAATTC
CTAACAAATAATACAAAATTCAAAA
AAAACAAATCCAAAAAAACCAAAAT
TTATAAAAACCACATTCTA
ACCCCTTCACAACAAACAAAAAC
ACACCAAACTTATACCTTAAAATCA
TCCTAAATTATACTATTCCAA
CCAAACATATCATTACTAC
CATATCCAAAATAAATTTATCCTCTCC
CATTAATTAATCACTCTT
ACACATCAATAAAAAATTAAA
ACCACACACAAA
TCCCACTCCAACAACAAATCA
TCCAATTCCCACTTAACCTATATAA
TACTAACACAAAATACCAAACCTCCACC
CATAAACCCAAAAAAATCATT
TCATACAAACATCAAATCATC
TACAACAAATAAATCAAAAATACA
CACTTCACTCAACATTCATAAACAAC
CTAATTATCCAAAACACCAACTTC
ACTCCCCCACAAAAT
ATAACCCAAATAAAATAT
AAATCCACCTATTAACTTCAACA
ACCAACCATCCCTAATATCCAACA
ACATCAAACATACTTAATCACA
CAAACAATTACACACACAAA
ACAATCAAATCAAATAACCCTA
AATCCATTTTTTCAACTTAA
CACATCACACAAACAACATATCCAAATA
AAATATACCCACCAATCTTCATAT
ATTTCAATAATCAAAAATTC
ACTCCTAAACAACTCTTTAC
AACATATCCAACCCCAAATAA
AAAACCTTTTCACATATTAA
ACAACCCATCCTCACCAAATCAAA
ACAATATTAAATCACAAACTTTAA
ATATCTCTAAATACATCAAAAAC
ATTCCTACAAAACAATCAAAA
AAACCCCTACTTACTTTTAACAACTATAC
ATATCTCCAAATAATAATAAAT
CCCAACACACCACACCAAACAATAT
AACATATTTAACTCAAAACTAC
TATTAAACCCTAATAAACCAACACCAA
AACTTAAAATTATAACCAAA
CATAATAACTAACAATATCAA
CAATAATTAACACCCCAC
AACACCTCTAAACAATTACTCA
TTATATACATCCAAAATACA
ACAACAACAACAATACACAAATC
AATTTAAACATCTCAAACCTAAA
CTAACACCACAACTTACCTA
AACAACTATCAACCCAATTCACAA
CCAACTCAAATAATTAACACTAC
CCACAAAATCTTAAAATCCTAAT
CTTACCTAACCAACACAAAC
CTAAACAATATCACAAT
CTCAAACAAATTTCAATCCA
TATCCACACAAAACCAAAATAA
CATAAAAACAAAACCTCTATATAA
AATTACAAACAAAAA
CCTCACTAACACTTTTTC
TACACTCCACTAATC
ATCAAAAAATACACAAATC
AAAAACATACAAACACCACCA
TTTACCAATACACAACAC
ACCCAAACCCACA
ACCCCAACCACACAAAAT
ATATATATAACCAAACAAAACTAA
ACCACCATCATTAAAAAAAA
CACAAACCCAAAATA
TCTCAATAAAACAAACCCCTAACAA
AACATAACAAACCCTATAAAT
CTAAATACAAAAACCCTCACAT
TCCAACATCTACTAAACAC
AATTCAAATAAAAACCTCATCACA
CCAACCTCAATCTTAAAACAAACAA
TACTTAAATTACAAAAAAA
ATCAAATCCACACAAACATCA
TTAAAACACCTATATATAATCAACA
TTAATAAAAATAAAAAAAAT
TATAACCCACCACAATCTACAAAACA
AACAACACATAAATCAATTA
CTCCAAAACAAAATTCAACCAA
ATTATCACCTAAAAATCTATCACT
CCAAAATAATTCCACTACACATCCT
AAACCTCTATTCACCAATCAAAAATACC
CCCAAAAAAAAAAACTCTCA
CCACTTAACTTAAACAATCATCCCAAC
TAAACCAATATTAATATA
CCTAACCAATTAATATAAAACAAT
AAATTTCTATACACCACTTA
ATTATAAAAAACAACTTCCA
AAACTTCCAAAAAAACACAAAACTAC
TTTATACTTCAACTAAAATAAATAC
TTATTATTTTCTCAATTA
AAATCACTCAACAAATAATAACAT
CTTTAAAAATATTTTACTCTT
TCAAAAATTATCAAAAATCACCAA
CATAATCCATCCCCTCAACAAAAAATC
TCCAACAAATCACATATAATAAA
ACAAAAACCAAAAACAT
ACTAAAAACACATAATACTTAA
AAACATACAACAATC
ATAAATCCTCTTCAAAATCAAA
AATTTTAACACTAACTAATT
AAATCCAAAAAAAATAACAAAA
AACAAAAACAAATACAAAACAACTA
CAACCTACACCAAACCATAAAA
CTCATCACTCAAAATACCTATACT
ACACACCAACCAAATATAATCACCA
CAACATCTAAAAAATCAAAAACCAC
ATTACACAACTATACAACAT
AAAATACCTTCTAATCAAAAC
ACATTATCCACTACCTCAAAACAACC
ATTAAAAACATAACACACATTT
ACCAAATAATCCAATCA
TATCCAACATTCAAACCCATCA
ATATAACACACACCTACCCT
ACCTCAAACAATAAATACATTACTAACC
CAAAATCAAACAATAATCTAC
ACAAATACCAATCTCTACCATCC
ATACCCTACAACATACA
TCAAATAAATACTAACACCAACC
AAAAACAACACACTTAACACC
ACTTAATATAAACTTTC
ATATACACAATCACCATT
TAAAAATTCAATAACAAAAAATTCCAT
AAAACAATAACCCACATA
AAAAACCCAATAAATACATACACATAAT
TACTCCAAATAAACAACTA
AATATACCCTCAAACTTCACTATC
AACTCCAATAAACTAATCCCCAACT
TTAAACCAAAAATATAATAATT
AACAAATATAAACCCTTTAT
AAAACTACACTATAACAACACAAAA
ATACTACAACCCTAAAAAACCCAAACAATA
TACTCATTTACCCATTAACATTA
AACCACCCAAACAACTCACCAA
TAATCACTAACCTAAAAC
CACACAATCAAACAAACTAATT
TTAAAATACCCACCAAAACTTA
TACTAACAACACCATAT
AACCATAACAAAATCAA
AACCTATCCCAAAACTACACAC
TCAATATACCCCTAACAACAC
TAACCTAATACTAATACATAAACT
CTAAAAAATTAAAACTACAATTC
TACTTAACTACACAACACTCAC
TTTTATTAACATAACATAACAAA
TCACAACATATTAATTATATAAC
ATCATCAACTTTAATTACAA
CAAACAAACAAACATTACTAAAAAA
ACAAACACACCCAATACAACCTCT
ACATCACTCTCACTTACTAAAACCC
AATAACAAACTTACCAA
ATACACCTAAATTATACCACC
CAAATCCAAAATTACT
TATAATCCAAAATTTAATTCATAAT
ACTCCAATAAACTTTATTAA
AAAACCTAAAAATTAACATATCT
CTATCATAAACATAAAAAAAACT
TCACCAAAAAACAAAAAAAA
CTCCAACTAACAAAACACT
ATAATCCAATCTCAACTATACA
CTAATCCTATAAATCCTA
CCACCTTAAACAATAAAA
TAAAATTAAACTTCCCCCCAAAAAACATC
CTAAAAACAAAAAATTTCCTC
TACAAAATTAAAAAATACACAACTAACT
TTACAATAATAATCAACTTTC
ATACCAAAAAACATCCAATAAC
ATCTCAATAAATACACTCAAC
CATACCAACTTCCACACACCAATT
AAATACAATCTTACTTA
ATCACAAAAAATCTTAACCCAAAA
AAATAACACAAAACACATCAATATAA
TCTACAATTCTAAAAAATAATCTAA
TAACATCCCTCCTAAAATACTA
AAAATAACATACTAACATATA
AACAATTATACAACCAACCTACATT
CTCCATAAAAACTCAATTCAAAC
AACATCTTACAATAATCCTAT
TACTCATACAACTCCTTATT
ATACCCCCACACAC
AAAATATAACCAACCACCA
TTAATTTCCACTCTCACA
CACATATCAAAATACCAAATCTT
AAACCAAAACAAATCATT
ATTTTTACCTAAACCT
AAAAATAAAAAACCAAAAATCC
TTCCTCAACTAACAATCAAACAAA
TAACAACCCCAACTAATT
CAATATACTAATCCCCCAAACCCAA
AATAATAAAAACACTTAAAT
ACACACATAAATACTTCT
CAAAACCCATACCCACAACACA
TAAAAAACACAAATCCCTAAAC
ACATTAACAAACAAAATACATA
AATTTTAACCACTAAAAATCC
AACCAACCATCATCCTAAACTAT
AAACTAAAATAAATAAAA
ATAATTAACATCAAAACCACAACCAATCATCC
CTCTAAATAAAACCTAAAATTCT
ACATAACACAAAATATTCC
CCCAACTAAACTCAACTA
ACCACCAAATCTAAATTAAA
ATAACAAACTCAAATAAAATACAA
ATCCCCCATAAAATATAAAAC
TCACTCAAAATCTAAAACAC
CACTACATAAACTAAACAAA
TACAATTAAAAC
ATCAAATACAAACTCCAATTC
AATTCCAATAAAAAAACCC
AACCTCACCAATTTCCAAAAATC
TTCACCTAAATTTACTAATAAACAT
CCATCACATATTCATCAAATTCCACA
TACCTAACATCAAAAT
CCACAAAACCACAACAACAAACAC
AACCAAATTCAATCTAAACTAC
ACACAAAAAAACAACACCAC
TACAAATCCAATCTATAC
AAATCAAATACCCAATAA
AATCTACACTCTAACAAAAACTTA
AATTAATTTTACACACCCCATACAAATA
ACAAAAAAATAACAATTCCCAACCC
AAAAATCAATACAATATACTT
AATATAACTATACCCT
ATCCCAACCACTCAA
ATACCCATAAAAATAACTCTAA
AAAAACAAACAAACTCCA
AATTACCCAATAAAATCCATAAT
TCAAAAACAATAAAAAAACCCA
CACTAACTTATACAAACAA
AATTCACACTTCATCTCCTT
ATAACACACTCCTAAACCACACAT
AAATAATCTACCTACAAACACATC
AAACACTACATACTTACTTAAT
AAAATAAACCTAACCTTCAACATAA
ACCATTCACTATAACAAAAAA
CATAATAAATAATAATTTA
AATTCTACCCACCCTCCAC
AATAACACATACCAACAAAT
ATTTCACATTCCATACCTATCAATTA
AATCATCTAAAAACTCCAAAACACCCCC
CTACAAAAAAAAACAAATAAA
CACATAACCTCAAACAAACCAAC
AAACCACTTTTTTACTATAAAA
AATACCAATTTCAACTAC
TCTAATATACACCATAAAAAAAC
AATTAATTTTATAAATATCCC
AATATCCCTAATACTAATAAAA
CACAACAAAAATCAACATCAAACCA
AAAATTTAACCACCTAATCAACCC
ACATCCAATTTTAAACATAAACA
ACATCAAACACAATAT
TTACAACAAAAATCAACCCCCAC
CAACAACTCAACTCAAAAA
AAAATTACACACATCAACT
CAACCAACACACCACAAACAAA
CATAAAATTAAATAA
ACCAAATACTCTAACAATTATCAAACACCA
CAATAATAACTATACTACAAACAC
ATCTTAAAACCACTTCA
TAAATATAAACTCCACCTTTACCA
TTCCTATTTCTCAAATA
CAAAAAACCCTACTCACAA
CATTCTCCCAATACTCAAACAAAA
AAACAAAATCACCTATCACCA
AACCCTTTTAAACACAAAATCATC
ACATTCAAATAATACTCA
AAATAAAACAATTCCCATATCAACAC
ACACTAAACCAATAATACCCCCAAA
AAAAATCCTAATCCTTCAACCTAAA
TTCCATATAAATTATTACTAA
CTTTTATAACTCATTTTTACTTCCTA
ATTACTACATTACCTTCCCACAAA
ACTCCACCCAATTCCTCACCAA
CCATAACACCTATCACACAAAATTCA
ACATAATCAATTTCATAAAAATAAT
CAACTACTACCATTTTTCACTCAACTCT
TAAATAAATTACTACCTAAATA
ACCTAACATTACACATCACAAAA
ACAAAATTATACCCACAT
ACAAACCATACACTCTAATAAAT
AATATCAAAAATACCAATCTACAC
TTACCATCACACACAAAA
AATAAACAAACTTTACAAACTTAAAAC
CTTCTTTAAAACTTCTAAA
TCAATTCACATATCACAAACA
AAATCACAAATCACAAAAAC
TCAACTCAAATCACACAAATAA
CTCACCACAATTACACCAAT
CTCCTTTCACCCCAACTATCAA
TTTTTTAACTTCTCAAAT
ATAAAACCCTACTAATACACCTA
CATCATTAATCCCAACCTCC
CACATCTAACCAATTAAA
ATTCCACAAATTAAAAT
ATTAATAATACAACATACCA
AACCCCATAACACTTCACA
CACCAAATTCAAACAAATAACA
ACCTTAAATCTA
ACCATAATAATACCCCACACAAAC
AAATAACATCATCAAACCAAAACCC
TCATTCATACCAAAAACTA
AACAAATACCTACTAAA
CCCATAACTTTATATA
AATTAACAATAAATAATAAA
AACACACTCTACCTCAAATACAAC
CACACATAAACTAACTTACCCTC
ATATACCCAAAAAACCTATAATAC
AACCCTATCAACTCCATCAAAA
AAAATCATTCCACTAAATTAAC
ATTCATCAACTTAATATAC
ACCTCAAACCACCTCCCAC
CCAAAATTAATATTCAATCTAACATA
CATATTCTTATACCCCCACCAAC
AAAAAACATTATAACTT
CCTATATTCAAAAAA
AACAATACTTATTCAACC
AATCAAACACATTTAACCCCATAA
CAATCTAACACCTAAAAATAACT
ATACCAAACACAAAACCCACAACCAAAT
TAAAACTACACATTATAACTCTAACCC
CTCATAACTCAAACAAAAC
ACTTACATAACACCTCTCCATTCCACCCA
CACACATAATTCCCCAAAT
TACATACACACACTCCCAACTCAA
TAACAAATATTTACTCCA
AAAACAATTAACCAATCAT
TCAAAAATCCACTCAACAAT
CCACACAAAACCCACTAAAATAT
AACACATACCCATCCAA
ATCCATTAACATACAAATACCTA
TCAATTTCAATAATCCAACTTAATACAAT
TAAATAACTAAACATACAT
AATCAATATAATTACAAAATCAAT
AACTCCACAAAACTAC
ACAATAAACCACATACCTATAAA
AACTATTCAACCCAAAATA
TTTACACTCTAACTACCACACACCATA
AAAAAATATTATTACCAAAAT
AATAATCAATCCTAAAAAATAAATT
AACCATATTAAACACAACCA
CCAATATACACATAAATTAAAAC
CAATAAATCACTAACCTTAT
TAAAAACTCAACACTAA
AAAAATAAAAAAAAAAAATACATA
ACACAAACCAAAATA
ACTCAAAATCAACTCATAAACAT
TAAAAACATAAATAAATATC
CAATCACATCAACTAATACTAAA
ACCTAACACAAAACTCTTAT
TAATACACACATCA
TACAACCTACTACTTAAAAACAAAT
ACACCAACACAACTTAATTCTATATA
TACAATTCTTAACCAACAATAACA
AACATCTCATATCATTC
TCAATAAATAAACCAAA
ATACCCTACCCACAATAAAAATC
ATCCCTCATAACAAATAAA
ACACCAAAATATCTCACTA
TAAATCAAAACCAAACCACCCCAC
AATTATTATTAAAAACC
TACAAATCAATCCACAACACCACT
ATAATAAAAAAAACCAAAAACACAA
TAACCAACAAACCCATCCCTAT
CATTAAAAACTCTAAAACTAAAATT
TTTACATACTATATTTTTAAATA
AAAAAATATACAATTTATAACT
AATAAACCTTCATCATCCT
TCTCTAATAAACACACACAT
TACCTACCAAAAAAACTC
ACCAATACCAACCTAAACTAAAA
ACAAAAATACATCTCATACTATA
ATTCAAACAATCATCTAAATAA
ACAACATAACCATTCATCCAAAA
CATAAAATAACCACCCATCACCTA
CTATCTACTACTAAATCAAATCA
TACACTCCAAATCACACCATCA
CACAAAAAATAACCTTAATTACA
ATTCATAACCCCCTACAAATAA
TTCCTCTAATATCAAATATCT
TAACACCTCCAACATACCAAAA
ATATCAACCCAAAATCTAC
CCCACACATAACAAACCAAACAA
CCAAAATCAAAAAAAACTCTAAAA
CACAAATACTTCCATCATT
AATACATCAAAATTAACTCCCAA
TAACAAAAAAACACCAACATAA
AACACCCATTAAAAAAACTCACTA
AACAACATATACAACAACATAT
ACCAATCCAACAAAAAACTCACTAA
AATACCTATCTATAAAAA
CTAAACAAACTATCCCACTA
CATTATACATCCACAAAATAC
ACAAAAAATCTTATACATATAAA
CACAAATCCTATAATAAC
TTATAATCCATAAACCTAAAAAACA
CAACTTACACCTATTAAAATAAACC
ATAAAAAAAAAACTCCACCCATCTA
ACCAAAACCTTTAAAATATAACTCCTA
ACAAAAACTTATCTATAACAA
CATAAATACCCCTATATCCCACC
ATCAATAATAAAACCTAA
TTACAATATACTAAAAAAAA
ACACACCATCAAAAAAAT
TAATACACCAATAAACTACTCCATAA
AACTAATCTTACACACATATT
CCTATTAAAAAACAAAATTTAA
AATAATACATTATACAATAAAA
AACACAAAAAAAACAACACCA
CATCTAACAAATAAAACACA
ACTAACCTAAAATAAATTC
CCTTAACAAACTTAACCACT
CTATCAATTAACACCCTTCCTCCA
CTAATAAATCAAAAATA
TTACCTCACTCACCACAATCA
CACTTCAAATAACATACTCTAAA
TTAAACCAACATCAAAAAACA
ACAATCCCAAACTTAA
ACACTCAATCCTACCAACTCA
ATTAAAATATAATCAACTTAACAA
ACACCACCCCTTAATCACACT
CACAATAAATAACCCAAATA
AACCCACACATACAATAATACA
AACACACTTACAAATTCTAAA
ACATAATACAAAACCTATATA
AACAACCCAACTATTCCATTAACA
CCTACAAACCTAATATTTTC
AAAACACACCACTCTATC
TACAACAAACCAAATCACACAA
CAACTAATAAACTCCAAACAACAAAA
ACATCACCATCTATATCAATA
CAAAAAACCTTACATATTTCT
TAATAACCATTAAAAACAAACAAT
CTTCTCTTCAAACAAAATCTTAATACA
ACAAATAATATTAACTCAAC
AAAACTCACACAAAACATCATAT
CCAAAAAACCACAAAATATAAACAA
ATAAATAAACTAACACTCTACAATACA
CATACTTAAACCATTCACCA
CCACAATCTATCTCACAATCATCT
CAAAATTTATTACCTCACACAAAA
AAACCTTCAACTAATAAATAT
AAAAAAACAATAATACTAATCACTTA
AAAAAAACCAAATAATTACTCTC
CAACAACAATCCAAACA
ACCATAAAATCCATTATAT
TTAATTCAAACTTTTAAAAAT
TCCTTCACATAATAAAACCA
AACACCAAAAAAAACATA
CAATAAATTCAAAAATTTAAAAAAATA
CATCACTCATCTACTAATATAATA
TCAATTACCCACAACCATAAAATC
ATATTACAAAACAAACTAAAAAAAACCA
ACCTACATACAAACAAAACACCC
ACTCACTCATAAAAACAATATA
TCCCACCAACCCACACAATCATACAA
AAATCACCTACATATATATA
TCCAATAAAAACATTTAC
TTACAATTCAAATACATCAAACAAAA
CAACAAAACAAAACCACAACACTAAAA
CTTTTCAATATACACATTAAACA
AATCATATCACAATATTACTA
TTTTCATAATATATATCACTCC
AATACTAACAAAAA
ACAACAAATCAAAATACTTA
CCATTATCCAATAAAAAACCCTTC
CATAAATAACAAATAAC
TCTAAACAAAATCCCTCA
AAACCTTAAACATAAATACAAA
CCTACCAAAACCACCCAATACA
ATTCTCACAATATTATATC
ACCCACACATATCC
AATAATAAAAATCACTCACA
TTCATACTTCACAACACCCTCA
ACATTACCAATATATCAAAACT
CCTATTAACTAAAAAACAAAAA
AATTATACATTATACCAAAAA
TATACAAAAAAACAAAA
CAAACCCCTTTACAAATAAACCCCACTC
CTATACCAAATTCCATCTATATCCCAAC
CAACACATTAACATAACAA
ATTTATAACCCTTAACAAAAAA
CCTTCCTTCTCATTACACCATTTTT
ACTAACAAATTAATACCTC
ACAACAAATCCAATCATCATCCAA
ACAACCAATCCTAACTCTTAT
ACCATATCAATCACTACCCCCAA
TAATAAATTACTAAAAATAACCC
ATAACAAAAAACAAACTA
AACACCTAAACAAAACACCCC
TACAATAAAAAAACACTAAAA
ACACATACCCAACAATATTT
ACCCTCAAAAACCCAA
CCAATCAACAACTAAATAATCAAC
ACTATCAATTTAAAAAAACACC
CAACTAAATACCTCCTACAC
TATCCAAATCCAACACCAAAC
ATAAATTCTACACTCATACACAA
AAAAAACAACAACATCTAACTACAA
CAACACACTAAAACCCATCTCT
TTAAATTCTAAACATAC
ACCCTAACAAACATTATTTCCT
ACTTATCAAACACTTTATCATCACAAAAA
CTACATAAACTAATAATATTACAT
AAACATAAAAACCAAACCATTA
TAAATAAAACCCCTTAATCTAAAC
CACCACTCCCTATACACAA
CAACAAAACCCAAAACAAAT
CAAACAAACAACTTTTAACT
ATAAATATAATAACCCCACAA
TCAAAATTATATTAATAACTCA
ATTAAACTATAAAAACAACACTTT
TTCAATATAAACAAAAC
CACACCCAACTTACCCCCT
AAAACCCAAATATTTCCAAA
ATTTCATAATCAAAACAATACTACATA
ACAAAATCAACTCATTACAACCAA
TTTATAAAACAAAAAAAAAATA
CACTCCTCCTAAAAAACCCTAATA
AAATAAATTTCTAACAACCTAACCACT
TAATAAAAATAAAACCTAAACTCT
TAATTATTTAAATATACAAAA
ACAAATCATCCCCCCCCA
TACACACTACAAAAACAAAT
CAAAATACAACAAAATAACCC
ATTATTACCCCTCCAATCATACAT
CAATAACAAAACTCACCAATC
CACAACACAACACCCCAA
AAATAAAATACCAATCATAAACA
TCCACAAACAATAACA
TATAATCCAATACTAAACAACA
TAACTTTTATAACTAAATACTAC
AACACCAACTTACTCAAAAAAA
CCAAAAAAATATACTAATCACAATA
CTTCAATCCTCTACATATTAACC
TTAAATTATATAAATAATA
AAATAACATTTCAAAAACTAAAC
TATATAATAAACTAATAATCAAC
AAACTACTACTACTATATTCACTA
ACTACTATCAAAACCATATA
AACCTATATAACATCCCACAATC
CATTTAAATCTAAAACACAAAC
CACACCAAAAATAATACTCAA
CAATCCTTATCCCAATAATATAA
ACTAATTTTTACTATTACAACAAA
ACCAATTAAAAAATTCCCT
TAAATACTTAAATACTAA
ATCATACCAAAAAAATCCTC
ATATCATCTACCAATTATAATAT
CCAACAACAAATTTCAAAAT
AAACTCATTTCAAAAATCAACAT
ACCATTATACCTACCTATA
AATTCAAACCCAATAAATACCATA
ACTTCAACACTAACATTACTAC
AACACAAACTTAAATATTTA
AAATAACTTAAAAACAAAAATCACTA
ATTAATAAATAATCCACAATCCTA
AAATACCTATTATAAACACAAAC
AAACCATACCACAACAAAAAAA
TACATACATCCCTCC
CATTTAAAACACCTCTAACC
CAAAAACTAAAAAAACATAAC
ACCAAATATAAAACTATAAACA
AAATAAAACCCAACAACCAAA
AACATATACACACCATAACAA
AAAAAAAAAAACAACC
AACCCATTAATATAATAAACTAA
AACTACTCACACAACTAACAAACTCAC
TACACACAAACTCAACAATAC
ACATAATATTTACAT
ATACACAACAAAATCA
AAAAAAAATCAAAATCTT
ATCCAACTATAAACTCC
CTACAAACAATTCCCAACTTTTAAAC
ACCTATCCATATATCTCAAC
CCTCTAAACTCATAAACCATACCA
AATACACAACACTACCAATCC
TACAATTAAAAATCTACACA
TTAATTTAATCAACTAATAAA
TAAAATCTCCATCATTACCATA
AAACACAAATCACAAAAAACAACCCA
AACTCAAACCATCAAA
CTCTCTTACCACACTTCCTT
CACACTAAAAATTCCTCACAC
CTAATAACAAAATTTAATATTC
ACACAAAAACATAAAATCACA
CATATCTCACACAATAACCAC
CTAACCAAACACCTCAAAA
CCCTAAACATAAACACACTC
ATTCTATCCAAAAAACATAC
ACAAAATAAATACCCAAA
AACTCCCAAACATTCTTAAA
CACACTAAATCTCAAAACCTTATA
TAAAATATAACCATATCTAA
TTCTAAACAATACATAAA
CCCACAACCAAAATACACAC
CAACAATATCTCCCTTACACACC
AAACTAAACTCTCATAAATCACTT
ACAACAATCAATATTATCACT
TCCACCAACTATCAACACTTATTA
ACAACATACAAAACTCCCTT
CATCATCAACCCTACTCAACACAAATT
AAAAAACTCCAAACACAAACAAATAAA
AAAACTATAACAATAAATACAA
ATACACTATACCTTAAAAAATCA
TTAATCACTTCCCTCTCA
TACTCTTAAACAAACTCACC
ACATCTACAACTTATCA
TCTTATAAAAACAAAACTCAACTT
TACAAACTATCTAATATAATAAT
TCATACCAACACAAAATTAAT
AATACCATCTACTTAAAACCCCT
CATCATCCCAAAAAAACTAAA
AAAATATCTAAACATATTC
CACAAACCCATTCACCTA
CCACCAACTCTCACTATCT
TACTAATACACAAATCTACCAACAA
TACATTCTTCCAATTCAAATATACACAA
ATAATATCATATACCAATACT
AAATACTTTTATTCTACTC
AATCAAAACTACTAAAATATAACT
CACATTATCCACCTCTCCACTACAATC
TTATAATATCTATCACATATAT
CAACTAACTTCAACCTACAAAA
AAAAAAACACAACCTCCCTC
CCAACAACACCCTCCA
ACATAAATTACATACTAAATCACA
TCAATATAAAACAATTACATC
AATCAACCAACAATAAACCCTACC
TAAAAATACAAACCAAACA
AACTTCCCTTCAATAATCTAAACC
TAAAACACCAAAAAACAACCACAA
CAAACTATAACCTAAACAA
CACACACACACAATCAACCCAA
ACACTACACACAAAAACAATT
ACTCTAACCTTACAAATATAA
CAACAACACAAAAAACAA
ATCACCATACACCCCTAA
AATATAATTCATATAACAATA
TAACAATTCATATAATA
AAAACCCCCTTACTAAAAAAAA
AAAACAATACATATCTCATAAAT
TACAATCTATCCAATTA
ACTTTTAATAACATAAAAAAAA
ATTAATAAAAAAACAATTCTCCACT
ACAAAAAAAACTCTATTTATCA
CAAAACAAAACACTAAAATC
ATACCTTACACCTCATAAATCT
TCATATATCACAAACTCACCTTAA
ATCCTCCTCTCCCATATACAAAC
CAATCTTACCAAAATTTCCACT
ACTCACATAACTAAAAACCATCACAC
AACCCCATAACATAAATCCTAA
TACACCTACCTAATACATAAAA
ACTAATATTAACTACCCCTACA
TTCAACACAATAAAAAAACAACCA
ACCTCCTACACCTTTTA
ATCACCTAATAAATCTCATCTA
AAATAAACACAAATATTAA
TTTATCTAACAAAATAACCAC
CTACAAATAACAAAAAATA
CCATATTTCACCCAAATAAACCA
CACTACATTAATAACACAAACATCCTA
AATTTTAAATACAACACA
ATCACAACCATTATTACTATTCAT
TCACCAAATAATCTACTACCAAA
ACCAACTATCCATTAAAACAAAA
CTAACAAACCTAATAACAAACACCT
ATAACAATTAAAATAAAACACA
CACAACAAAACTATTAAAAATACAC
AAAATCAATCAATATTCC
CTTTCAAATCCATCACAACA
ATAATCTAACAAAACTACCCTA
ACCCCCCTCCAAATTTAAAT
TACATATACTAACTAATTTTAATAAA
ACATATAAAAATACACACCAC
TTTATATAACAACACCATAATCTC
AAAAAATACTAAACTACCC
AAACAACTAAACCAATAACA
AATATCAATACAATACCTAAACAC
TACAACCTACAATACACCA
TCATAAACCTATATTACCAAA
AACTTTTACCCCCTTACCTAATA
TATACTATCACAATAC
ACCCAACCCACCTCTCCCCAAA
CCATACCCAAACCTAAATTAATAAC
AACAAAATAACTATATCATTCC
ATAAAAACATCATTAATTTATAA
AACTACAATACTTAACTCCCTTC
ATTAAAATTAAAAAATAACAAA
ACTTACTACCCTTTTCAAACAAC
ACTCCTCACCCACATACT
CCTCTCAAACTAACTAA
AATCTACACCAAAAATTTAA
TAACAAAATAATTATAACTCTATTACCATTAT
ACACCATTACATACAACAAAACATATC
TAAATTTACTAAAAATCAATTTTA
ATCTCCATTATTAATCCTTATAA
